<?xml version="1.0" encoding="UTF-8"?>
<!-- Generated by org.testng.reporters.JUnitReportReporter -->
<testsuite skipped="0" hostname="developers" name="Linga.CheckMissing" tests="23" failures="0" timestamp="2021-09-28T12:51:34 IST" time="1118.074" errors="0">
  <testcase name="Double_click_Finish_button_Check_Available_or_Not" time="4.998" classname="Linga.CheckMissing"/>
  <system-out/>
  <testcase name="Double_click_Finish_button_Menu_Available_or_Not" time="1.611" classname="Linga.CheckMissing"/>
  <system-out/>
  <testcase name="Double_click_All_button_check_available" time="4.834" classname="Linga.CheckMissing"/>
  <system-out/>
  <testcase name="Double_click_All_button_Menu_Available_or_Not" time="1.610" classname="Linga.CheckMissing"/>
  <system-out/>
  <testcase name="Table_change_from_one_table_to_another_table_Check_Available_or_Not" time="9.422" classname="Linga.CheckMissing"/>
  <system-out/>
  <testcase name="Table_change_from_one_table_to_another_table_Menu_Available_or_Not" time="1.510" classname="Linga.CheckMissing"/>
  <system-out/>
  <testcase name="Check_Open_and_Finish_Loop_Check_Available_Or_Not" time="11.198" classname="Linga.CheckMissing"/>
  <system-out/>
  <testcase name="Check_Open_and_Finish_Loop_Menu_Available_Or_Not" time="1.918" classname="Linga.CheckMissing"/>
  <system-out/>
  <testcase name="Single_table_multiple_checks_Check_Available_or_Not" time="6.065" classname="Linga.CheckMissing"/>
  <system-out/>
  <testcase name="Create_active_check_closed_check_active_check_Loop_Check_Available_or_Not" time="22.162" classname="Linga.CheckMissing"/>
  <system-out/>
  <testcase name="Create_multiple_checks_with_different_category_Loop_Check_available_or_Not" time="23.125" classname="Linga.CheckMissing"/>
  <system-out/>
  <testcase name="Create_multiple_checks_with_different_category_Loop_Menuu_available_or_Not" time="0.250" classname="Linga.CheckMissing"/>
  <system-out/>
  <testcase name="Create_activecheck_closedcheck_VoidCheck_Loop_Check_Available_or_Not" time="25.835" classname="Linga.CheckMissing"/>
  <system-out/>
  <testcase name="Create_activecheck_closedcheck_VoidCheck_Loop_Menu_Available_or_Not" time="0.189" classname="Linga.CheckMissing"/>
  <system-out/>
  <testcase name="Placemenu_Finish_Placemenu_finish_syncCheck_opencheck_Menu_Availabe_Or_Not" time="12.545" classname="Linga.CheckMissing"/>
  <system-out/>
  <testcase name="transfer_single_multiitem_Menu_Available_Or_Not" time="19.110" classname="Linga.CheckMissing"/>
  <system-out/>
  <testcase name="Transfer_allitem_from_one_table_to_another_table_Menu_Available_or_Not" time="19.030" classname="Linga.CheckMissing"/>
  <system-out/>
  <testcase name="Merge_Three_checks_Menu_item_Available_Or_Not" time="23.092" classname="Linga.CheckMissing"/>
  <system-out/>
  <testcase name="CheckReopen_Menu_Available_Or_Not" time="13.308" classname="Linga.CheckMissing"/>
  <system-out/>
  <testcase name="Create_multiple_seat_with_different_category_menu_availabe_or_Not" time="508.696" classname="Linga.CheckMissing"/>
  <system-out/>
  <testcase name="Place_menu_finish_check_open_void_2_menu_finish_check_open_check_menu" time="188.095" classname="Linga.CheckMissing"/>
  <system-out/>
  <testcase name="Place_menu_finish_check_open_void_2_menu_closesale_check_Reopen_check_menu" time="135.291" classname="Linga.CheckMissing"/>
  <system-out/>
  <testcase name="Place_menu_closesale_check_reopen_void_2_menu_closesale_check_Reopen_check_menu" time="84.180" classname="Linga.CheckMissing"/>
  <system-out/>
</testsuite> <!-- Linga.CheckMissing -->
