<?xml version="1.0" encoding="UTF-8"?>
<!-- Generated by org.testng.reporters.JUnitReportReporter -->
<testsuite skipped="0" hostname="developers" name="Linga.TenantCube" tests="2" failures="0" timestamp="2021-10-04T22:21:30 IST" time="78.550" errors="0">
  <testcase name="Validate_whether_all_the_mandatoryfieldsAreFilledAndNavigateToNextPage" time="77.843" classname="Linga.TenantCube"/>
  <system-out/>
  <testcase name="Validate_forErrorMessageInManditoryField" time="0.707" classname="Linga.TenantCube"/>
  <system-out/>
</testsuite> <!-- Linga.TenantCube -->
