<?xml version="1.0" encoding="UTF-8"?>
<!-- Generated by org.testng.reporters.JUnitReportReporter -->
<testsuite skipped="0" hostname="developers" name="Linga.Tax" tests="1" failures="0" timestamp="2021-10-12T15:27:19 IST" time="0.018" errors="0">
  <testcase name="TestCase1" time="0.018" classname="Linga.Tax"/>
  <system-out/>
</testsuite> <!-- Linga.Tax -->
