<?xml version="1.0" encoding="UTF-8"?>
<!-- Generated by org.testng.reporters.JUnitReportReporter -->
<testsuite skipped="0" hostname="developers" name="Linga.SampleTestNG" tests="4" failures="0" timestamp="2021-07-22T12:38:49 IST" time="18.725" errors="0">
  <testcase name="Double_click_Finish_button_Check_Available_or_Not" time="6.922" classname="Linga.SampleTestNG"/>
  <system-out/>
  <testcase name="Double_click_Finish_button_Menu_Available_or_Not" time="2.655" classname="Linga.SampleTestNG"/>
  <system-out/>
  <testcase name="Double_click_All_button_check_available" time="6.702" classname="Linga.SampleTestNG"/>
  <system-out/>
  <testcase name="Double_click_All_button_Menu_Available_or_Not" time="2.446" classname="Linga.SampleTestNG"/>
  <system-out/>
</testsuite> <!-- Linga.SampleTestNG -->
