<?xml version="1.0" encoding="UTF-8"?>
<!-- Generated by org.testng.reporters.JUnitReportReporter -->
<testsuite skipped="0" hostname="developers" name="Linga.TaskOne" tests="1" failures="0" timestamp="2021-10-11T21:45:38 IST" time="14.132" errors="0">
  <testcase name="TestCase1" time="14.132" classname="Linga.TaskOne"/>
  <system-out/>
</testsuite> <!-- Linga.TaskOne -->
