<?xml version="1.0" encoding="UTF-8"?>
<!-- Generated by org.testng.reporters.JUnitReportReporter -->
<testsuite skipped="0" hostname="developers" name="Linga.TaskTwo" tests="1" failures="0" timestamp="2021-10-11T21:50:17 IST" time="8.704" errors="0">
  <testcase name="TestCase1" time="8.704" classname="Linga.TaskTwo"/>
  <system-out/>
</testsuite> <!-- Linga.TaskTwo -->
